<?xml version="1.0" encoding="UTF-8"?>
<testng-results skipped="0" failed="0" ignored="0" total="1" passed="1">
  <reporter-output>
  </reporter-output>
  <suite name="Default suite" duration-ms="10714" started-at="2019-06-04T06:49:10Z" finished-at="2019-06-04T06:49:21Z">
    <groups>
    </groups>
    <test name="Default test" duration-ms="10714" started-at="2019-06-04T06:49:10Z" finished-at="2019-06-04T06:49:21Z">
      <class name="extenreport.logintest">
        <test-method status="PASS" signature="Login()[pri:0, instance:extenreport.logintest@39c0f4a]" name="Login" duration-ms="10679" started-at="2019-06-04T06:49:10Z" finished-at="2019-06-04T06:49:21Z">
          <reporter-output>
          </reporter-output>
        </test-method> <!-- Login -->
      </class> <!-- extenreport.logintest -->
    </test> <!-- Default test -->
  </suite> <!-- Default suite -->
</testng-results>
